Flutter crash report.
Please report a bug at https://github.com/flutter/flutter/issues.

## command

flutter run

## exception

StdoutException: StdoutException: Could not get terminal size, OS Error: No process is on the other end of the pipe.
, errno = 233

```
#0      Stdout._terminalSize (dart:io-patch/stdio_patch.dart:138:7)
#1      Stdout._terminalColumns (dart:io-patch/stdio_patch.dart:131:35)
#2      Stdout.terminalColumns (dart:io/stdio.dart:230:30)
#3      Stdio.terminalColumns (package:flutter_tools/src/base/io.dart:305:51)
#4      OutputPreferences.wrapColumn (package:flutter_tools/src/base/terminal.dart:68:49)
#5      StdoutLogger.printStatus (package:flutter_tools/src/base/logger.dart:255:39)
#6      printStatus (package:flutter_tools/src/globals.dart:158:10)
#7      FlutterDevice.startEchoingDeviceLog.<anonymous closure> (package:flutter_tools/src/resident_runner.dart:499:9)
#8      _rootRunUnary (dart:async/zone.dart:1198:47)
#9      _CustomZone.runUnary (dart:async/zone.dart:1100:19)
#10     _CustomZone.runUnaryGuarded (dart:async/zone.dart:1005:7)
#11     _BufferingStreamSubscription._sendData (dart:async/stream_impl.dart:357:11)
#12     _DelayedData.perform (dart:async/stream_impl.dart:611:14)
#13     _StreamImplEvents.handleNext (dart:async/stream_impl.dart:730:11)
#14     _PendingEvents.schedule.<anonymous closure> (dart:async/stream_impl.dart:687:7)
#15     _rootRun (dart:async/zone.dart:1182:47)
#16     _CustomZone.run (dart:async/zone.dart:1093:19)
#17     _CustomZone.runGuarded (dart:async/zone.dart:997:7)
#18     _CustomZone.bindCallbackGuarded.<anonymous closure> (dart:async/zone.dart:1037:23)
#19     _rootRun (dart:async/zone.dart:1190:13)
#20     _CustomZone.run (dart:async/zone.dart:1093:19)
#21     _CustomZone.runGuarded (dart:async/zone.dart:997:7)
#22     _CustomZone.bindCallbackGuarded.<anonymous closure> (dart:async/zone.dart:1037:23)
#23     _microtaskLoop (dart:async/schedule_microtask.dart:41:21)
#24     _startMicrotaskLoop (dart:async/schedule_microtask.dart:50:5)
#25     _runPendingImmediateCallback (dart:isolate-patch/isolate_patch.dart:118:13)
#26     _RawReceivePortImpl._handleMessage (dart:isolate-patch/isolate_patch.dart:169:5)
```

## flutter doctor

```
[✓] Flutter (Channel stable, 1.22.5, on Microsoft Windows [Version 10.0.18363.1440], locale en-ID)
    • Flutter version 1.22.5 at C:\flutter
    • Framework revision 7891006299 (), 1970-01-01 07:00:00.000
    • Engine revision ae90085a84
    • Dart version 2.10.4

[!] Android toolchain - develop for Android devices (Android SDK version 29.0.1)
    • Android SDK at C:\Users\hghg\AppData\Local\Android\Sdk
    • Platform android-30, build-tools 29.0.1
    • ANDROID_HOME = C:\Users\hghg\AppData\Local\Android\Sdk
    • Java binary at: C:\Program Files\Java\jre1.8.0_251\bin\java
    ✗ Could not determine java version

[!] Android Studio (not installed)
    • Android Studio not found; download from https://developer.android.com/studio/index.html
      (or visit https://flutter.dev/docs/get-started/install/windows#android-setup for detailed
      instructions).

[✓] VS Code (version 1.54.2)
    • VS Code at C:\Users\hghg\AppData\Local\Programs\Microsoft VS Code
    • Flutter extension version 3.20.0

[✓] Connected device (1 available)
    • Samsung A10 (mobile) • 192.168.251.113:5555 • android-x86 • Android 9 (API 28)

! Doctor found issues in 2 categories.
```
